The system is: Linux - 6.8.0-88-generic - x86_64
Compiling the Fortran compiler identification source file "CMakeFortranCompilerId.F" succeeded.
Compiler: /opt/intel/oneapi/compiler/2023.0.0/linux/bin/intel64/ifort 
Build flags: 
Id flags: -v 

The output was:
0
ifort version 2021.8.0
/opt/intel/oneapi/compiler/2023.0.0/linux/bin/intel64/../../bin/intel64/fpp    -D__INTEL_COMPILER=2021 -D__INTEL_COMPILER_UPDATE=8 -D__unix__ -D__unix -D__linux__ -D__linux -D__gnu_linux__ -Dunix -Dlinux -D__ELF__ -D__x86_64 -D__x86_64__ -D__amd64 -D__amd64__ -D__INTEL_COMPILER_BUILD_DATE=20221119 -D__INTEL_OFFLOAD -D__MMX__ -D__SSE__ -D__SSE_MATH__ -D__SSE2__ -D__SSE2_MATH__ -D__pentium4 -D__pentium4__ -D__tune_pentium4__ -I. -I/opt/intel/oneapi/vpl/2023.0.0/include -I/opt/intel/oneapi/tbb/2021.8.0/env/../include -I/opt/intel/oneapi/mpi/2021.8.0//include -I/opt/intel/oneapi/mkl/2023.0.0/include -I/opt/intel/oneapi/ippcp/2021.6.3/include -I/opt/intel/oneapi/ipp/2021.7.0/include -I/opt/intel/oneapi/dpl/2022.0.0/linux/include -I/opt/intel/oneapi/dnnl/2023.0.0/cpu_dpcpp_gpu_dpcpp/include -I/opt/intel/oneapi/dev-utilities/2021.8.0/include -I/opt/intel/oneapi/dal/2023.0.0/include -I/opt/intel/oneapi/ccl/2021.8.0/include/cpu_gpu_dpcpp -I/opt/intel/oneapi/compiler/2023.0.0/linux/bin/intel64/../../compiler/include/intel64 -I/opt/intel/oneapi/compiler/2023.0.0/linux/bin/intel64/../../compiler/include/icc -I/opt/intel/oneapi/compiler/2023.0.0/linux/bin/intel64/../../compiler/include -I/usr/local/include -I/usr/lib/gcc/x86_64-linux-gnu/11/include -I/usr/include/ -I/usr/include -I/usr/include/x86_64-linux-gnu -fixed -4Ycpp -4Ncvf -f_com=yes -MX CMakeFortranCompilerId.F /tmp/ifortSvxsXk.i
#include "..." search starts here:
#include <...> search starts here:
 .
 /opt/intel/oneapi/vpl/2023.0.0/include
 /opt/intel/oneapi/tbb/2021.8.0/env/../include
 /opt/intel/oneapi/mpi/2021.8.0//include
 /opt/intel/oneapi/mkl/2023.0.0/include
 /opt/intel/oneapi/ippcp/2021.6.3/include
 /opt/intel/oneapi/ipp/2021.7.0/include
 /opt/intel/oneapi/dpl/2022.0.0/linux/include
 /opt/intel/oneapi/dnnl/2023.0.0/cpu_dpcpp_gpu_dpcpp/include
 /opt/intel/oneapi/dev-utilities/2021.8.0/include
 /opt/intel/oneapi/dal/2023.0.0/include
 /opt/intel/oneapi/ccl/2021.8.0/include/cpu_gpu_dpcpp
 /opt/intel/oneapi/compiler/2023.0.0/linux/bin/intel64/../../compiler/include/intel64
 /opt/intel/oneapi/compiler/2023.0.0/linux/bin/intel64/../../compiler/include/icc
 /opt/intel/oneapi/compiler/2023.0.0/linux/bin/intel64/../../compiler/include
 /usr/local/include
 /usr/lib/gcc/x86_64-linux-gnu/11/include
 /usr/include/
 /usr/include
 /usr/include/x86_64-linux-gnu
End of search list.
/opt/intel/oneapi/compiler/2023.0.0/linux/bin/intel64/../../bin/intel64/fortcom    -D__INTEL_COMPILER=2021 -D__INTEL_COMPILER_UPDATE=8 -D__unix__ -D__unix -D__linux__ -D__linux -D__gnu_linux__ -Dunix -Dlinux -D__ELF__ -D__x86_64 -D__x86_64__ -D__amd64 -D__amd64__ -D__INTEL_COMPILER_BUILD_DATE=20221119 -D__INTEL_OFFLOAD -D__MMX__ -D__SSE__ -D__SSE_MATH__ -D__SSE2__ -D__SSE2_MATH__ -D__pentium4 -D__pentium4__ -D__tune_pentium4__ -I. -I/opt/intel/oneapi/vpl/2023.0.0/include -I/opt/intel/oneapi/tbb/2021.8.0/env/../include -I/opt/intel/oneapi/mpi/2021.8.0//include -I/opt/intel/oneapi/mkl/2023.0.0/include -I/opt/intel/oneapi/ippcp/2021.6.3/include -I/opt/intel/oneapi/ipp/2021.7.0/include -I/opt/intel/oneapi/dpl/2022.0.0/linux/include -I/opt/intel/oneapi/dnnl/2023.0.0/cpu_dpcpp_gpu_dpcpp/include -I/opt/intel/oneapi/dev-utilities/2021.8.0/include -I/opt/intel/oneapi/dal/2023.0.0/include -I/opt/intel/oneapi/ccl/2021.8.0/include/cpu_gpu_dpcpp -I/opt/intel/oneapi/compiler/2023.0.0/linux/bin/intel64/../../compiler/include/intel64 -I/opt/intel/oneapi/compiler/2023.0.0/linux/bin/intel64/../../compiler/include/icc -I/opt/intel/oneapi/compiler/2023.0.0/linux/bin/intel64/../../compiler/include -I/usr/local/include -I/usr/lib/gcc/x86_64-linux-gnu/11/include -I/usr/include/ -I/usr/include -I/usr/include/x86_64-linux-gnu -omp_simd -O2 "-reentrancy threaded" -simd -offload_host -mGLOB_em64t=TRUE -mP1OPT_version=2021.8.0-intel64 -mGLOB_diag_file=/tmp/ifortx6Cwm5.diag -mGLOB_long_size_64 -mGLOB_routine_pointer_size_64 -mGLOB_source_language=GLOB_SOURCE_LANGUAGE_F90 -mP2OPT_static_promotion -mGLOB_pack_sort_init_list -mP1OPT_print_version=FALSE -mCG_use_gas_got_workaround=F -mP2OPT_align_option_used=TRUE -mGLOB_gcc_version=1130 -mGLOB_options_string=-v -mGLOB_cxx_limited_range=FALSE -mCG_extend_parms=FALSE -mGLOB_compiler_bin_directory=/opt/intel/oneapi/compiler/2023.0.0/linux/bin/intel64/../../bin/intel64 -mGLOB_as_output_backup_file_name=/tmp/ifortvcmZoAas_.s -mGLOB_dashboard_use_source_name -mIPOPT_activate -mIPOPT_lite -mGLOB_uarch_tuning=0x0 -mGLOB_product_id_code=0x22006d91 -mCG_bnl_movbe=T -mP3OPT_use_mspp_call_convention -mP2OPT_subs_out_of_bound=FALSE -mP2OPT_disam_type_based_disam=2 -mGLOB_ansi_alias -mPGOPTI_value_profile_use=T -mGLOB_opt_report_use_source_name -mGLOB_offload_mode=1 -mGLOB_offload_no_openmp=TRUE -mP2OPT_offload_unique_var_string=ifort0574569031uMt6OW -mP2OPT_hlo_level=2 -mP2OPT_hlo -mP2OPT_hpo_rtt_control=0 -mIPOPT_args_in_regs=0 -mP2OPT_disam_assume_nonstd_intent_in=FALSE -mGLOB_imf_mapping_library=/opt/intel/oneapi/compiler/2023.0.0/linux/bin/intel64/../../bin/intel64/libiml_attr.so -mIPOPT_single_file_compile_and_link=TRUE -mPGOPTI_gen_threadsafe_level=0 -mIPOPT_lto_object_enabled -mIPOPT_lto_object_value=1 -mIPOPT_obj_output_file_name=/tmp/ifortx6Cwm5.o -mIPOPT_whole_archive_fixup_file_name=/tmp/ifortwarchXEMGc9 -mGLOB_linker_version=2.38 -mGLOB_linker=ld -mGLOB_driver_tempfile_name=/tmp/iforttempfile4DqrzT -mP3OPT_asm_target=P3OPT_ASM_TARGET_GAS -mGLOB_async_unwind_tables=TRUE -mGLOB_obj_output_file=/tmp/ifortx6Cwm5.o -mGLOB_source_dialect=GLOB_SOURCE_DIALECT_FORTRAN -mP1OPT_source_file_name=CMakeFortranCompilerId.F -mP1OPT_full_source_file_name=/Users/home/paulinan/models/coupled_model_apptainer/examples/3comps/build/CMakeFiles/3.25.1/CompilerIdFortran/CMakeFortranCompilerId.F -mP2OPT_symtab_type_copy=true /tmp/ifortSvxsXk.i
#include "..." search starts here:
#include <...> search starts here:
 .
 /opt/intel/oneapi/vpl/2023.0.0/include
 /opt/intel/oneapi/tbb/2021.8.0/env/../include
 /opt/intel/oneapi/mpi/2021.8.0//include
 /opt/intel/oneapi/mkl/2023.0.0/include
 /opt/intel/oneapi/ippcp/2021.6.3/include
 /opt/intel/oneapi/ipp/2021.7.0/include
 /opt/intel/oneapi/dpl/2022.0.0/linux/include
 /opt/intel/oneapi/dnnl/2023.0.0/cpu_dpcpp_gpu_dpcpp/include
 /opt/intel/oneapi/dev-utilities/2021.8.0/include
 /opt/intel/oneapi/dal/2023.0.0/include
 /opt/intel/oneapi/ccl/2021.8.0/include/cpu_gpu_dpcpp
 /opt/intel/oneapi/compiler/2023.0.0/linux/bin/intel64/../../compiler/include/intel64
 /opt/intel/oneapi/compiler/2023.0.0/linux/bin/intel64/../../compiler/include/icc
 /opt/intel/oneapi/compiler/2023.0.0/linux/bin/intel64/../../compiler/include
 /usr/local/include
 /usr/lib/gcc/x86_64-linux-gnu/11/include
 /usr/include/
 /usr/include
 /usr/include/x86_64-linux-gnu
End of search list.
ld    /usr/lib/gcc/x86_64-linux-gnu/11/../../../x86_64-linux-gnu/Scrt1.o /usr/lib/gcc/x86_64-linux-gnu/11/../../../x86_64-linux-gnu/crti.o /usr/lib/gcc/x86_64-linux-gnu/11/crtbeginS.o --eh-frame-hdr --build-id -dynamic-linker /lib64/ld-linux-x86-64.so.2 -m elf_x86_64 -plugin /opt/intel/oneapi/compiler/2023.0.0/linux/bin/intel64/../../bin/intel64/../../lib/icx-lto.so -o a.out /opt/intel/oneapi/compiler/2023.0.0/linux/bin/intel64/../../compiler/lib/intel64_lin/for_main.o -L/opt/intel/oneapi/vpl/2023.0.0/lib -L/opt/intel/oneapi/tbb/2021.8.0/env/../lib/intel64/gcc4.8 -L/opt/intel/oneapi/mpi/2021.8.0//libfabric/lib -L/opt/intel/oneapi/mpi/2021.8.0//lib/release -L/opt/intel/oneapi/mpi/2021.8.0//lib -L/opt/intel/oneapi/mkl/2023.0.0/lib/intel64 -L/opt/intel/oneapi/ippcp/2021.6.3/lib/intel64 -L/opt/intel/oneapi/ipp/2021.7.0/lib/intel64 -L/opt/intel/oneapi/dnnl/2023.0.0/cpu_dpcpp_gpu_dpcpp/lib -L/opt/intel/oneapi/dal/2023.0.0/lib/intel64 -L/opt/intel/oneapi/compiler/2023.0.0/linux/compiler/lib/intel64_lin -L/opt/intel/oneapi/compiler/2023.0.0/linux/lib -L/opt/intel/oneapi/clck/2021.7.2/lib/intel64 -L/opt/intel/oneapi/ccl/2021.8.0/lib/cpu_gpu_dpcpp -L/opt/intel/oneapi/compiler/2023.0.0/linux/bin/intel64/../../compiler/lib/intel64_lin -L/opt/intel/oneapi/vpl/2023.0.0/lib/../lib/ -L/opt/intel/oneapi/mpi/2021.8.0//libfabric/lib/../lib/ -L/opt/intel/oneapi/mpi/2021.8.0//lib/../lib/ -L/opt/intel/oneapi/dnnl/2023.0.0/cpu_dpcpp_gpu_dpcpp/lib/../lib/ -L/opt/intel/oneapi/compiler/2023.0.0/linux/lib/../lib/ -L/usr/lib/gcc/x86_64-linux-gnu/11/ -L/usr/lib/gcc/x86_64-linux-gnu/11/../../../x86_64-linux-gnu/ -L/usr/lib/gcc/x86_64-linux-gnu/11/../../../../lib64 -L/usr/lib/gcc/x86_64-linux-gnu/11/../../../../lib/ -L/lib/x86_64-linux-gnu/ -L/lib/../lib64 -L/lib/../lib/ -L/usr/lib/x86_64-linux-gnu/ -L/usr/lib/../lib64 -L/usr/lib/../lib/ -L/opt/intel/oneapi/vpl/2023.0.0/lib/ -L/opt/intel/oneapi/tbb/2021.8.0/env/../lib/intel64/gcc4.8/ -L/opt/intel/oneapi/mpi/2021.8.0//libfabric/lib/ -L/opt/intel/oneapi/mpi/2021.8.0//lib/release/ -L/opt/intel/oneapi/mpi/2021.8.0//lib/ -L/opt/intel/oneapi/mkl/2023.0.0/lib/intel64/ -L/opt/intel/oneapi/ippcp/2021.6.3/lib/intel64/ -L/opt/intel/oneapi/ipp/2021.7.0/lib/intel64/ -L/opt/intel/oneapi/dnnl/2023.0.0/cpu_dpcpp_gpu_dpcpp/lib/ -L/opt/intel/oneapi/dal/2023.0.0/lib/intel64/ -L/opt/intel/oneapi/compiler/2023.0.0/linux/compiler/lib/intel64_lin/ -L/opt/intel/oneapi/compiler/2023.0.0/linux/lib/ -L/opt/intel/oneapi/clck/2021.7.2/lib/intel64/ -L/opt/intel/oneapi/ccl/2021.8.0/lib/cpu_gpu_dpcpp/ -L/usr/lib/gcc/x86_64-linux-gnu/11/../../../ -L/lib64 -L/lib/ -L/usr/lib64 -L/usr/lib /tmp/ifortx6Cwm5.o -Bdynamic -Bstatic -lifport -lifcoremt -limf -lsvml -Bdynamic -lm -Bstatic -lipgo -lirc -Bdynamic -lpthread -Bstatic -lsvml -Bdynamic -lc -lgcc -lgcc_s -Bstatic -lirc_s -Bdynamic -ldl -lc /usr/lib/gcc/x86_64-linux-gnu/11/crtendS.o /usr/lib/gcc/x86_64-linux-gnu/11/../../../x86_64-linux-gnu/crtn.o


Compilation of the Fortran compiler identification source "CMakeFortranCompilerId.F" produced "a.out"

The Fortran compiler identification is Intel, found in "/Users/home/paulinan/models/coupled_model_apptainer/examples/3comps/build/CMakeFiles/3.25.1/CompilerIdFortran/a.out"

Detecting Fortran compiler ABI info compiled with the following output:
Change Dir: /Users/home/paulinan/models/coupled_model_apptainer/examples/3comps/build/CMakeFiles/CMakeScratch/TryCompile-P5BPzY

Run Build Command(s):/usr/bin/gmake -f Makefile cmTC_4f4de/fast && /usr/bin/gmake  -f CMakeFiles/cmTC_4f4de.dir/build.make CMakeFiles/cmTC_4f4de.dir/build
gmake[1]: Entering directory '/Users/home/paulinan/models/coupled_model_apptainer/examples/3comps/build/CMakeFiles/CMakeScratch/TryCompile-P5BPzY'
Building Fortran object CMakeFiles/cmTC_4f4de.dir/CMakeFortranCompilerABI.F90.o
/opt/intel/oneapi/compiler/2023.0.0/linux/bin/intel64/ifort   -v -c /usr/local/share/cmake-3.25/Modules/CMakeFortranCompilerABI.F90 -o CMakeFiles/cmTC_4f4de.dir/CMakeFortranCompilerABI.F90.o
ifort version 2021.8.0
/opt/intel/oneapi/compiler/2023.0.0/linux/bin/intel64/../../bin/intel64/fpp    -D__INTEL_COMPILER=2021 -D__INTEL_COMPILER_UPDATE=8 -D__unix__ -D__unix -D__linux__ -D__linux -D__gnu_linux__ -Dunix -Dlinux -D__ELF__ -D__x86_64 -D__x86_64__ -D__amd64 -D__amd64__ -D__INTEL_COMPILER_BUILD_DATE=20221119 -D__INTEL_OFFLOAD -D__MMX__ -D__SSE__ -D__SSE_MATH__ -D__SSE2__ -D__SSE2_MATH__ -D__pentium4 -D__pentium4__ -D__tune_pentium4__ -I. -I/opt/intel/oneapi/vpl/2023.0.0/include -I/opt/intel/oneapi/tbb/2021.8.0/env/../include -I/opt/intel/oneapi/mpi/2021.8.0//include -I/opt/intel/oneapi/mkl/2023.0.0/include -I/opt/intel/oneapi/ippcp/2021.6.3/include -I/opt/intel/oneapi/ipp/2021.7.0/include -I/opt/intel/oneapi/dpl/2022.0.0/linux/include -I/opt/intel/oneapi/dnnl/2023.0.0/cpu_dpcpp_gpu_dpcpp/include -I/opt/intel/oneapi/dev-utilities/2021.8.0/include -I/opt/intel/oneapi/dal/2023.0.0/include -I/opt/intel/oneapi/ccl/2021.8.0/include/cpu_gpu_dpcpp -I/opt/intel/oneapi/compiler/2023.0.0/linux/bin/intel64/../../compiler/include/intel64 -I/opt/intel/oneapi/compiler/2023.0.0/linux/bin/intel64/../../compiler/include/icc -I/opt/intel/oneapi/compiler/2023.0.0/linux/bin/intel64/../../compiler/include -I/usr/local/include -I/usr/lib/gcc/x86_64-linux-gnu/11/include -I/usr/include/ -I/usr/include -I/usr/include/x86_64-linux-gnu -4Ycpp -4Ncvf -f_com=yes -MX /usr/local/share/cmake-3.25/Modules/CMakeFortranCompilerABI.F90 /tmp/ifortDcsUQy.i90
#include "..." search starts here:
#include <...> search starts here:
 .
 /opt/intel/oneapi/vpl/2023.0.0/include
 /opt/intel/oneapi/tbb/2021.8.0/env/../include
 /opt/intel/oneapi/mpi/2021.8.0//include
 /opt/intel/oneapi/mkl/2023.0.0/include
 /opt/intel/oneapi/ippcp/2021.6.3/include
 /opt/intel/oneapi/ipp/2021.7.0/include
 /opt/intel/oneapi/dpl/2022.0.0/linux/include
 /opt/intel/oneapi/dnnl/2023.0.0/cpu_dpcpp_gpu_dpcpp/include
 /opt/intel/oneapi/dev-utilities/2021.8.0/include
 /opt/intel/oneapi/dal/2023.0.0/include
 /opt/intel/oneapi/ccl/2021.8.0/include/cpu_gpu_dpcpp
 /opt/intel/oneapi/compiler/2023.0.0/linux/bin/intel64/../../compiler/include/intel64
 /opt/intel/oneapi/compiler/2023.0.0/linux/bin/intel64/../../compiler/include/icc
 /opt/intel/oneapi/compiler/2023.0.0/linux/bin/intel64/../../compiler/include
 /usr/local/include
 /usr/lib/gcc/x86_64-linux-gnu/11/include
 /usr/include/
 /usr/include
 /usr/include/x86_64-linux-gnu
End of search list.
/opt/intel/oneapi/compiler/2023.0.0/linux/bin/intel64/../../bin/intel64/fortcom    -D__INTEL_COMPILER=2021 -D__INTEL_COMPILER_UPDATE=8 -D__unix__ -D__unix -D__linux__ -D__linux -D__gnu_linux__ -Dunix -Dlinux -D__ELF__ -D__x86_64 -D__x86_64__ -D__amd64 -D__amd64__ -D__INTEL_COMPILER_BUILD_DATE=20221119 -D__INTEL_OFFLOAD -D__MMX__ -D__SSE__ -D__SSE_MATH__ -D__SSE2__ -D__SSE2_MATH__ -D__pentium4 -D__pentium4__ -D__tune_pentium4__ -I/usr/local/share/cmake-3.25/Modules -I. -I/opt/intel/oneapi/vpl/2023.0.0/include -I/opt/intel/oneapi/tbb/2021.8.0/env/../include -I/opt/intel/oneapi/mpi/2021.8.0//include -I/opt/intel/oneapi/mkl/2023.0.0/include -I/opt/intel/oneapi/ippcp/2021.6.3/include -I/opt/intel/oneapi/ipp/2021.7.0/include -I/opt/intel/oneapi/dpl/2022.0.0/linux/include -I/opt/intel/oneapi/dnnl/2023.0.0/cpu_dpcpp_gpu_dpcpp/include -I/opt/intel/oneapi/dev-utilities/2021.8.0/include -I/opt/intel/oneapi/dal/2023.0.0/include -I/opt/intel/oneapi/ccl/2021.8.0/include/cpu_gpu_dpcpp -I/opt/intel/oneapi/compiler/2023.0.0/linux/bin/intel64/../../compiler/include/intel64 -I/opt/intel/oneapi/compiler/2023.0.0/linux/bin/intel64/../../compiler/include/icc -I/opt/intel/oneapi/compiler/2023.0.0/linux/bin/intel64/../../compiler/include -I/usr/local/include -I/usr/lib/gcc/x86_64-linux-gnu/11/include -I/usr/include/ -I/usr/include -I/usr/include/x86_64-linux-gnu -omp_simd -O2 "-reentrancy threaded" -simd -offload_host -mGLOB_em64t=TRUE -mP1OPT_version=2021.8.0-intel64 -mGLOB_diag_file=CMakeFiles/cmTC_4f4de.dir/CMakeFortranCompilerABI.F90.diag -mGLOB_long_size_64 -mGLOB_routine_pointer_size_64 -mGLOB_source_language=GLOB_SOURCE_LANGUAGE_F90 -mP2OPT_static_promotion -mGLOB_pack_sort_init_list -mP1OPT_print_version=FALSE -mCG_use_gas_got_workaround=F -mP2OPT_align_option_used=TRUE -mGLOB_gcc_version=1130 "-mGLOB_options_string=-v -c -o CMakeFiles/cmTC_4f4de.dir/CMakeFortranCompilerABI.F90.o" -mGLOB_cxx_limited_range=FALSE -mCG_extend_parms=FALSE -mGLOB_compiler_bin_directory=/opt/intel/oneapi/compiler/2023.0.0/linux/bin/intel64/../../bin/intel64 -mGLOB_as_output_backup_file_name=/tmp/ifortPZIbhCas_.s -mIPOPT_activate -mIPOPT_lite -mGLOB_uarch_tuning=0x0 -mGLOB_product_id_code=0x22006d91 -mCG_bnl_movbe=T -mP3OPT_use_mspp_call_convention -mP2OPT_subs_out_of_bound=FALSE -mP2OPT_disam_type_based_disam=2 -mGLOB_ansi_alias -mPGOPTI_value_profile_use=T -mGLOB_offload_mode=1 -mGLOB_offload_no_openmp=TRUE -mP2OPT_offload_unique_var_string=ifort0957034730FiglP7 -mP2OPT_hlo_level=2 -mP2OPT_hlo -mP2OPT_hpo_rtt_control=0 -mIPOPT_args_in_regs=0 -mP2OPT_disam_assume_nonstd_intent_in=FALSE -mGLOB_imf_mapping_library=/opt/intel/oneapi/compiler/2023.0.0/linux/bin/intel64/../../bin/intel64/libiml_attr.so -mPGOPTI_gen_threadsafe_level=0 -mIPOPT_lto_object_enabled -mIPOPT_lto_object_value=1 -mIPOPT_obj_output_file_name=CMakeFiles/cmTC_4f4de.dir/CMakeFortranCompilerABI.F90.o -mIPOPT_whole_archive_fixup_file_name=/tmp/ifortwarchGwiY1T -mGLOB_linker_version=2.38 -mGLOB_linker=ld -mGLOB_driver_tempfile_name=/tmp/iforttempfiles6F8Vn -mP3OPT_asm_target=P3OPT_ASM_TARGET_GAS -mGLOB_async_unwind_tables=TRUE -mGLOB_obj_output_file=CMakeFiles/cmTC_4f4de.dir/CMakeFortranCompilerABI.F90.o -mGLOB_source_dialect=GLOB_SOURCE_DIALECT_FORTRAN -mP1OPT_source_file_name=/usr/local/share/cmake-3.25/Modules/CMakeFortranCompilerABI.F90 -mP1OPT_full_source_file_name=/usr/local/share/cmake-3.25/Modules/CMakeFortranCompilerABI.F90 -mP2OPT_symtab_type_copy=true /tmp/ifortDcsUQy.i90
#include "..." search starts here:
#include <...> search starts here:
 /usr/local/share/cmake-3.25/Modules
 .
 /opt/intel/oneapi/vpl/2023.0.0/include
 /opt/intel/oneapi/tbb/2021.8.0/env/../include
 /opt/intel/oneapi/mpi/2021.8.0//include
 /opt/intel/oneapi/mkl/2023.0.0/include
 /opt/intel/oneapi/ippcp/2021.6.3/include
 /opt/intel/oneapi/ipp/2021.7.0/include
 /opt/intel/oneapi/dpl/2022.0.0/linux/include
 /opt/intel/oneapi/dnnl/2023.0.0/cpu_dpcpp_gpu_dpcpp/include
 /opt/intel/oneapi/dev-utilities/2021.8.0/include
 /opt/intel/oneapi/dal/2023.0.0/include
 /opt/intel/oneapi/ccl/2021.8.0/include/cpu_gpu_dpcpp
 /opt/intel/oneapi/compiler/2023.0.0/linux/bin/intel64/../../compiler/include/intel64
 /opt/intel/oneapi/compiler/2023.0.0/linux/bin/intel64/../../compiler/include/icc
 /opt/intel/oneapi/compiler/2023.0.0/linux/bin/intel64/../../compiler/include
 /usr/local/include
 /usr/lib/gcc/x86_64-linux-gnu/11/include
 /usr/include/
 /usr/include
 /usr/include/x86_64-linux-gnu
End of search list.
Linking Fortran executable cmTC_4f4de
/usr/local/bin/cmake -E cmake_link_script CMakeFiles/cmTC_4f4de.dir/link.txt --verbose=1
/opt/intel/oneapi/compiler/2023.0.0/linux/bin/intel64/ifort  -v CMakeFiles/cmTC_4f4de.dir/CMakeFortranCompilerABI.F90.o -o cmTC_4f4de 
ifort version 2021.8.0
/opt/intel/oneapi/compiler/2023.0.0/linux/bin/intel64/../../bin/intel64/fortcom    -mGLOB_em64t=TRUE -mP1OPT_version=2021.8.0-intel64 -mGLOB_diag_file=CMakeFiles/cmTC_4f4de.dir/CMakeFortranCompilerABI.F90.diag -mGLOB_long_size_64 -mGLOB_routine_pointer_size_64 -mGLOB_source_language=GLOB_SOURCE_LANGUAGE_F90 -mP2OPT_static_promotion -mGLOB_pack_sort_init_list -mP1OPT_print_version=FALSE -mCG_use_gas_got_workaround=F -mP2OPT_align_option_used=TRUE -mGLOB_gcc_version=1130 "-mGLOB_options_string=-v -o cmTC_4f4de" -mGLOB_cxx_limited_range=FALSE -mCG_extend_parms=FALSE -mGLOB_compiler_bin_directory=/opt/intel/oneapi/compiler/2023.0.0/linux/bin/intel64/../../bin/intel64 -mGLOB_as_output_backup_file_name=/tmp/ifortk9WnZmas_.s -mGLOB_dashboard_use_source_name -mIPOPT_activate -mGLOB_product_id_code=0x22006d91 -mP3OPT_use_mspp_call_convention -mP2OPT_subs_out_of_bound=FALSE -mP2OPT_disam_type_based_disam=2 -mGLOB_ansi_alias -mPGOPTI_value_profile_use=T -mGLOB_opt_report_use_source_name -mGLOB_offload_mode=1 -mGLOB_offload_no_openmp=TRUE -mP2OPT_offload_unique_var_string=ifort1930462788lIFNfj -mP2OPT_hlo -mP2OPT_hpo_rtt_control=0 -mIPOPT_args_in_regs=0 -mP2OPT_disam_assume_nonstd_intent_in=FALSE -mGLOB_imf_mapping_library=/opt/intel/oneapi/compiler/2023.0.0/linux/bin/intel64/../../bin/intel64/libiml_attr.so -mPGOPTI_gen_threadsafe_level=0 -mIPOPT_link -mIPOPT_ipo_activate -mIPOPT_mo_activate -mIPOPT_source_files_list=/tmp/ifortslisAvt5HP -mIPOPT_mo_global_data -mIPOPT_link_script_file=/tmp/ifortscript2GcCOf "-mIPOPT_cmdline_link="/usr/lib/gcc/x86_64-linux-gnu/11/../../../x86_64-linux-gnu/Scrt1.o" "/usr/lib/gcc/x86_64-linux-gnu/11/../../../x86_64-linux-gnu/crti.o" "/usr/lib/gcc/x86_64-linux-gnu/11/crtbeginS.o" "--eh-frame-hdr" "--build-id" "-dynamic-linker" "/lib64/ld-linux-x86-64.so.2" "-m" "elf_x86_64" "-plugin" "/opt/intel/oneapi/compiler/2023.0.0/linux/bin/intel64/../../bin/intel64/../../lib/icx-lto.so" "-o" "cmTC_4f4de" "/opt/intel/oneapi/compiler/2023.0.0/linux/bin/intel64/../../compiler/lib/intel64_lin/for_main.o" "-L/opt/intel/oneapi/vpl/2023.0.0/lib" "-L/opt/intel/oneapi/tbb/2021.8.0/env/../lib/intel64/gcc4.8" "-L/opt/intel/oneapi/mpi/2021.8.0//libfabric/lib" "-L/opt/intel/oneapi/mpi/2021.8.0//lib/release" "-L/opt/intel/oneapi/mpi/2021.8.0//lib" "-L/opt/intel/oneapi/mkl/2023.0.0/lib/intel64" "-L/opt/intel/oneapi/ippcp/2021.6.3/lib/intel64" "-L/opt/intel/oneapi/ipp/2021.7.0/lib/intel64" "-L/opt/intel/oneapi/dnnl/2023.0.0/cpu_dpcpp_gpu_dpcpp/lib" "-L/opt/intel/oneapi/dal/2023.0.0/lib/intel64" "-L/opt/intel/oneapi/compiler/2023.0.0/linux/compiler/lib/intel64_lin" "-L/opt/intel/oneapi/compiler/2023.0.0/linux/lib" "-L/opt/intel/oneapi/clck/2021.7.2/lib/intel64" "-L/opt/intel/oneapi/ccl/2021.8.0/lib/cpu_gpu_dpcpp" "-L/opt/intel/oneapi/compiler/2023.0.0/linux/bin/intel64/../../compiler/lib/intel64_lin" "-L/opt/intel/oneapi/vpl/2023.0.0/lib/../lib/" "-L/opt/intel/oneapi/mpi/2021.8.0//libfabric/lib/../lib/" "-L/opt/intel/oneapi/mpi/2021.8.0//lib/../lib/" "-L/opt/intel/oneapi/dnnl/2023.0.0/cpu_dpcpp_gpu_dpcpp/lib/../lib/" "-L/opt/intel/oneapi/compiler/2023.0.0/linux/lib/../lib/" "-L/usr/lib/gcc/x86_64-linux-gnu/11/" "-L/usr/lib/gcc/x86_64-linux-gnu/11/../../../x86_64-linux-gnu/" "-L/usr/lib/gcc/x86_64-linux-gnu/11/../../../../lib64" "-L/usr/lib/gcc/x86_64-linux-gnu/11/../../../../lib/" "-L/lib/x86_64-linux-gnu/" "-L/lib/../lib64" "-L/lib/../lib/" "-L/usr/lib/x86_64-linux-gnu/" "-L/usr/lib/../lib64" "-L/usr/lib/../lib/" "-L/opt/intel/oneapi/vpl/2023.0.0/lib/" "-L/opt/intel/oneapi/tbb/2021.8.0/env/../lib/intel64/gcc4.8/" "-L/opt/intel/oneapi/mpi/2021.8.0//libfabric/lib/" "-L/opt/intel/oneapi/mpi/2021.8.0//lib/release/" "-L/opt/intel/oneapi/mpi/2021.8.0//lib/" "-L/opt/intel/oneapi/mkl/2023.0.0/lib/intel64/" "-L/opt/intel/oneapi/ippcp/2021.6.3/lib/intel64/" "-L/opt/intel/oneapi/ipp/2021.7.0/lib/intel64/" "-L/opt/intel/oneapi/dnnl/2023.0.0/cpu_dpcpp_gpu_dpcpp/lib/" "-L/opt/intel/oneapi/dal/2023.0.0/lib/intel64/" "-L/opt/intel/oneapi/compiler/2023.0.0/linux/compiler/lib/intel64_lin/" "-L/opt/intel/oneapi/compiler/2023.0.0/linux/lib/" "-L/opt/intel/oneapi/clck/2021.7.2/lib/intel64/" "-L/opt/intel/oneapi/ccl/2021.8.0/lib/cpu_gpu_dpcpp/" "-L/usr/lib/gcc/x86_64-linux-gnu/11/../../../" "-L/lib64" "-L/lib/" "-L/usr/lib64" "-L/usr/lib" "CMakeFiles/cmTC_4f4de.dir/CMakeFortranCompilerABI.F90.o" "-Bdynamic" "-Bstatic" "-lifport" "-lifcoremt" "-limf" "-lsvml" "-Bdynamic" "-lm" "-Bstatic" "-lipgo" "-lirc" "-Bdynamic" "-lpthread" "-Bstatic" "-lsvml" "-Bdynamic" "-lc" "-lgcc" "-lgcc_s" "-Bstatic" "-lirc_s" "-Bdynamic" "-ldl" "-lc" "/usr/lib/gcc/x86_64-linux-gnu/11/crtendS.o" "/usr/lib/gcc/x86_64-linux-gnu/11/../../../x86_64-linux-gnu/crtn.o"" -mIPOPT_il_in_obj -mIPOPT_ipo_activate_warn=FALSE -mIPOPT_obj_output_file_name=/tmp/ipo_ifortRH0BsO.o -mIPOPT_whole_archive_fixup_file_name=/tmp/ifortwarch22HCsU -mGLOB_linker_version=2.38 -mGLOB_linker=ld -mGLOB_driver_tempfile_name=/tmp/iforttempfileIg5sGA -mP3OPT_asm_target=P3OPT_ASM_TARGET_GAS -mGLOB_async_unwind_tables=TRUE -mGLOB_obj_output_file=/tmp/ipo_ifortRH0BsO.o -mGLOB_source_dialect=GLOB_SOURCE_DIALECT_NONE -mP1OPT_source_file_name=ipo_out.f -mP2OPT_symtab_type_copy=true CMakeFiles/cmTC_4f4de.dir/CMakeFortranCompilerABI.F90.o -mIPOPT_object_files=T -mIPOPT_assembly_files=/tmp/ifortalis8lepUe -mIPOPT_generated_tempfiles=/tmp/ifortelisSj7gpu -mIPOPT_embedded_object_base_name=/tmp/iforteobj3HSP08 -mIPOPT_cmdline_link_new_name=/tmp/ifortllisji0GNe
ld    /usr/lib/gcc/x86_64-linux-gnu/11/../../../x86_64-linux-gnu/Scrt1.o /usr/lib/gcc/x86_64-linux-gnu/11/../../../x86_64-linux-gnu/crti.o /usr/lib/gcc/x86_64-linux-gnu/11/crtbeginS.o --eh-frame-hdr --build-id -dynamic-linker /lib64/ld-linux-x86-64.so.2 -m elf_x86_64 -plugin /opt/intel/oneapi/compiler/2023.0.0/linux/bin/intel64/../../bin/intel64/../../lib/icx-lto.so -o cmTC_4f4de /opt/intel/oneapi/compiler/2023.0.0/linux/bin/intel64/../../compiler/lib/intel64_lin/for_main.o -L/opt/intel/oneapi/vpl/2023.0.0/lib -L/opt/intel/oneapi/tbb/2021.8.0/env/../lib/intel64/gcc4.8 -L/opt/intel/oneapi/mpi/2021.8.0//libfabric/lib -L/opt/intel/oneapi/mpi/2021.8.0//lib/release -L/opt/intel/oneapi/mpi/2021.8.0//lib -L/opt/intel/oneapi/mkl/2023.0.0/lib/intel64 -L/opt/intel/oneapi/ippcp/2021.6.3/lib/intel64 -L/opt/intel/oneapi/ipp/2021.7.0/lib/intel64 -L/opt/intel/oneapi/dnnl/2023.0.0/cpu_dpcpp_gpu_dpcpp/lib -L/opt/intel/oneapi/dal/2023.0.0/lib/intel64 -L/opt/intel/oneapi/compiler/2023.0.0/linux/compiler/lib/intel64_lin -L/opt/intel/oneapi/compiler/2023.0.0/linux/lib -L/opt/intel/oneapi/clck/2021.7.2/lib/intel64 -L/opt/intel/oneapi/ccl/2021.8.0/lib/cpu_gpu_dpcpp -L/opt/intel/oneapi/compiler/2023.0.0/linux/bin/intel64/../../compiler/lib/intel64_lin -L/opt/intel/oneapi/vpl/2023.0.0/lib/../lib/ -L/opt/intel/oneapi/mpi/2021.8.0//libfabric/lib/../lib/ -L/opt/intel/oneapi/mpi/2021.8.0//lib/../lib/ -L/opt/intel/oneapi/dnnl/2023.0.0/cpu_dpcpp_gpu_dpcpp/lib/../lib/ -L/opt/intel/oneapi/compiler/2023.0.0/linux/lib/../lib/ -L/usr/lib/gcc/x86_64-linux-gnu/11/ -L/usr/lib/gcc/x86_64-linux-gnu/11/../../../x86_64-linux-gnu/ -L/usr/lib/gcc/x86_64-linux-gnu/11/../../../../lib64 -L/usr/lib/gcc/x86_64-linux-gnu/11/../../../../lib/ -L/lib/x86_64-linux-gnu/ -L/lib/../lib64 -L/lib/../lib/ -L/usr/lib/x86_64-linux-gnu/ -L/usr/lib/../lib64 -L/usr/lib/../lib/ -L/opt/intel/oneapi/vpl/2023.0.0/lib/ -L/opt/intel/oneapi/tbb/2021.8.0/env/../lib/intel64/gcc4.8/ -L/opt/intel/oneapi/mpi/2021.8.0//libfabric/lib/ -L/opt/intel/oneapi/mpi/2021.8.0//lib/release/ -L/opt/intel/oneapi/mpi/2021.8.0//lib/ -L/opt/intel/oneapi/mkl/2023.0.0/lib/intel64/ -L/opt/intel/oneapi/ippcp/2021.6.3/lib/intel64/ -L/opt/intel/oneapi/ipp/2021.7.0/lib/intel64/ -L/opt/intel/oneapi/dnnl/2023.0.0/cpu_dpcpp_gpu_dpcpp/lib/ -L/opt/intel/oneapi/dal/2023.0.0/lib/intel64/ -L/opt/intel/oneapi/compiler/2023.0.0/linux/compiler/lib/intel64_lin/ -L/opt/intel/oneapi/compiler/2023.0.0/linux/lib/ -L/opt/intel/oneapi/clck/2021.7.2/lib/intel64/ -L/opt/intel/oneapi/ccl/2021.8.0/lib/cpu_gpu_dpcpp/ -L/usr/lib/gcc/x86_64-linux-gnu/11/../../../ -L/lib64 -L/lib/ -L/usr/lib64 -L/usr/lib CMakeFiles/cmTC_4f4de.dir/CMakeFortranCompilerABI.F90.o -Bdynamic -Bstatic -lifport -lifcoremt -limf -lsvml -Bdynamic -lm -Bstatic -lipgo -lirc -Bdynamic -lpthread -Bstatic -lsvml -Bdynamic -lc -lgcc -lgcc_s -Bstatic -lirc_s -Bdynamic -ldl -lc /usr/lib/gcc/x86_64-linux-gnu/11/crtendS.o /usr/lib/gcc/x86_64-linux-gnu/11/../../../x86_64-linux-gnu/crtn.o
gmake[1]: Leaving directory '/Users/home/paulinan/models/coupled_model_apptainer/examples/3comps/build/CMakeFiles/CMakeScratch/TryCompile-P5BPzY'



Parsed Fortran implicit include dir info from above output: rv=done
  found start of include info
  found start of implicit include info
    add: [.]
    add: [/opt/intel/oneapi/vpl/2023.0.0/include]
    add: [/opt/intel/oneapi/tbb/2021.8.0/env/../include]
    add: [/opt/intel/oneapi/mpi/2021.8.0//include]
    add: [/opt/intel/oneapi/mkl/2023.0.0/include]
    add: [/opt/intel/oneapi/ippcp/2021.6.3/include]
    add: [/opt/intel/oneapi/ipp/2021.7.0/include]
    add: [/opt/intel/oneapi/dpl/2022.0.0/linux/include]
    add: [/opt/intel/oneapi/dnnl/2023.0.0/cpu_dpcpp_gpu_dpcpp/include]
    add: [/opt/intel/oneapi/dev-utilities/2021.8.0/include]
    add: [/opt/intel/oneapi/dal/2023.0.0/include]
    add: [/opt/intel/oneapi/ccl/2021.8.0/include/cpu_gpu_dpcpp]
    add: [/opt/intel/oneapi/compiler/2023.0.0/linux/bin/intel64/../../compiler/include/intel64]
    add: [/opt/intel/oneapi/compiler/2023.0.0/linux/bin/intel64/../../compiler/include/icc]
    add: [/opt/intel/oneapi/compiler/2023.0.0/linux/bin/intel64/../../compiler/include]
    add: [/usr/local/include]
    add: [/usr/lib/gcc/x86_64-linux-gnu/11/include]
    add: [/usr/include/]
    add: [/usr/include]
    add: [/usr/include/x86_64-linux-gnu]
  end of search list found
  skipping relative include dir [.]
  collapse include dir [/opt/intel/oneapi/vpl/2023.0.0/include] ==> [/opt/intel/oneapi/vpl/2023.0.0/include]
  collapse include dir [/opt/intel/oneapi/tbb/2021.8.0/env/../include] ==> [/opt/intel/oneapi/tbb/2021.8.0/include]
  collapse include dir [/opt/intel/oneapi/mpi/2021.8.0//include] ==> [/opt/intel/oneapi/mpi/2021.8.0/include]
  collapse include dir [/opt/intel/oneapi/mkl/2023.0.0/include] ==> [/opt/intel/oneapi/mkl/2023.0.0/include]
  collapse include dir [/opt/intel/oneapi/ippcp/2021.6.3/include] ==> [/opt/intel/oneapi/ippcp/2021.6.3/include]
  collapse include dir [/opt/intel/oneapi/ipp/2021.7.0/include] ==> [/opt/intel/oneapi/ipp/2021.7.0/include]
  collapse include dir [/opt/intel/oneapi/dpl/2022.0.0/linux/include] ==> [/opt/intel/oneapi/dpl/2022.0.0/linux/include]
  collapse include dir [/opt/intel/oneapi/dnnl/2023.0.0/cpu_dpcpp_gpu_dpcpp/include] ==> [/opt/intel/oneapi/dnnl/2023.0.0/cpu_dpcpp_gpu_dpcpp/include]
  collapse include dir [/opt/intel/oneapi/dev-utilities/2021.8.0/include] ==> [/opt/intel/oneapi/dev-utilities/2021.8.0/include]
  collapse include dir [/opt/intel/oneapi/dal/2023.0.0/include] ==> [/opt/intel/oneapi/dal/2023.0.0/include]
  collapse include dir [/opt/intel/oneapi/ccl/2021.8.0/include/cpu_gpu_dpcpp] ==> [/opt/intel/oneapi/ccl/2021.8.0/include/cpu_gpu_dpcpp]
  collapse include dir [/opt/intel/oneapi/compiler/2023.0.0/linux/bin/intel64/../../compiler/include/intel64] ==> [/opt/intel/oneapi/compiler/2023.0.0/linux/compiler/include/intel64]
  collapse include dir [/opt/intel/oneapi/compiler/2023.0.0/linux/bin/intel64/../../compiler/include/icc] ==> [/opt/intel/oneapi/compiler/2023.0.0/linux/compiler/include/icc]
  collapse include dir [/opt/intel/oneapi/compiler/2023.0.0/linux/bin/intel64/../../compiler/include] ==> [/opt/intel/oneapi/compiler/2023.0.0/linux/compiler/include]
  collapse include dir [/usr/local/include] ==> [/usr/local/include]
  collapse include dir [/usr/lib/gcc/x86_64-linux-gnu/11/include] ==> [/usr/lib/gcc/x86_64-linux-gnu/11/include]
  collapse include dir [/usr/include/] ==> [/usr/include]
  collapse include dir [/usr/include] ==> [/usr/include]
  collapse include dir [/usr/include/x86_64-linux-gnu] ==> [/usr/include/x86_64-linux-gnu]
  implicit include dirs: [/opt/intel/oneapi/vpl/2023.0.0/include;/opt/intel/oneapi/tbb/2021.8.0/include;/opt/intel/oneapi/mpi/2021.8.0/include;/opt/intel/oneapi/mkl/2023.0.0/include;/opt/intel/oneapi/ippcp/2021.6.3/include;/opt/intel/oneapi/ipp/2021.7.0/include;/opt/intel/oneapi/dpl/2022.0.0/linux/include;/opt/intel/oneapi/dnnl/2023.0.0/cpu_dpcpp_gpu_dpcpp/include;/opt/intel/oneapi/dev-utilities/2021.8.0/include;/opt/intel/oneapi/dal/2023.0.0/include;/opt/intel/oneapi/ccl/2021.8.0/include/cpu_gpu_dpcpp;/opt/intel/oneapi/compiler/2023.0.0/linux/compiler/include/intel64;/opt/intel/oneapi/compiler/2023.0.0/linux/compiler/include/icc;/opt/intel/oneapi/compiler/2023.0.0/linux/compiler/include;/usr/local/include;/usr/lib/gcc/x86_64-linux-gnu/11/include;/usr/include;/usr/include/x86_64-linux-gnu]


Parsed Fortran implicit link information from above output:
  link line regex: [^( *|.*[/\])(ld|CMAKE_LINK_STARTFILE-NOTFOUND|([^/\]+-)?ld|collect2)[^/\]*( |$)]
  ignore line: [Change Dir: /Users/home/paulinan/models/coupled_model_apptainer/examples/3comps/build/CMakeFiles/CMakeScratch/TryCompile-P5BPzY]
  ignore line: []
  ignore line: [Run Build Command(s):/usr/bin/gmake -f Makefile cmTC_4f4de/fast && /usr/bin/gmake  -f CMakeFiles/cmTC_4f4de.dir/build.make CMakeFiles/cmTC_4f4de.dir/build]
  ignore line: [gmake[1]: Entering directory '/Users/home/paulinan/models/coupled_model_apptainer/examples/3comps/build/CMakeFiles/CMakeScratch/TryCompile-P5BPzY']
  ignore line: [Building Fortran object CMakeFiles/cmTC_4f4de.dir/CMakeFortranCompilerABI.F90.o]
  ignore line: [/opt/intel/oneapi/compiler/2023.0.0/linux/bin/intel64/ifort   -v -c /usr/local/share/cmake-3.25/Modules/CMakeFortranCompilerABI.F90 -o CMakeFiles/cmTC_4f4de.dir/CMakeFortranCompilerABI.F90.o]
  ignore line: [ifort version 2021.8.0]
  ignore line: [/opt/intel/oneapi/compiler/2023.0.0/linux/bin/intel64/../../bin/intel64/fpp    -D__INTEL_COMPILER=2021 -D__INTEL_COMPILER_UPDATE=8 -D__unix__ -D__unix -D__linux__ -D__linux -D__gnu_linux__ -Dunix -Dlinux -D__ELF__ -D__x86_64 -D__x86_64__ -D__amd64 -D__amd64__ -D__INTEL_COMPILER_BUILD_DATE=20221119 -D__INTEL_OFFLOAD -D__MMX__ -D__SSE__ -D__SSE_MATH__ -D__SSE2__ -D__SSE2_MATH__ -D__pentium4 -D__pentium4__ -D__tune_pentium4__ -I. -I/opt/intel/oneapi/vpl/2023.0.0/include -I/opt/intel/oneapi/tbb/2021.8.0/env/../include -I/opt/intel/oneapi/mpi/2021.8.0//include -I/opt/intel/oneapi/mkl/2023.0.0/include -I/opt/intel/oneapi/ippcp/2021.6.3/include -I/opt/intel/oneapi/ipp/2021.7.0/include -I/opt/intel/oneapi/dpl/2022.0.0/linux/include -I/opt/intel/oneapi/dnnl/2023.0.0/cpu_dpcpp_gpu_dpcpp/include -I/opt/intel/oneapi/dev-utilities/2021.8.0/include -I/opt/intel/oneapi/dal/2023.0.0/include -I/opt/intel/oneapi/ccl/2021.8.0/include/cpu_gpu_dpcpp -I/opt/intel/oneapi/compiler/2023.0.0/linux/bin/intel64/../../compiler/include/intel64 -I/opt/intel/oneapi/compiler/2023.0.0/linux/bin/intel64/../../compiler/include/icc -I/opt/intel/oneapi/compiler/2023.0.0/linux/bin/intel64/../../compiler/include -I/usr/local/include -I/usr/lib/gcc/x86_64-linux-gnu/11/include -I/usr/include/ -I/usr/include -I/usr/include/x86_64-linux-gnu -4Ycpp -4Ncvf -f_com=yes -MX /usr/local/share/cmake-3.25/Modules/CMakeFortranCompilerABI.F90 /tmp/ifortDcsUQy.i90]
  ignore line: [#include "..." search starts here:]
  ignore line: [#include <...> search starts here:]
  ignore line: [ .]
  ignore line: [ /opt/intel/oneapi/vpl/2023.0.0/include]
  ignore line: [ /opt/intel/oneapi/tbb/2021.8.0/env/../include]
  ignore line: [ /opt/intel/oneapi/mpi/2021.8.0//include]
  ignore line: [ /opt/intel/oneapi/mkl/2023.0.0/include]
  ignore line: [ /opt/intel/oneapi/ippcp/2021.6.3/include]
  ignore line: [ /opt/intel/oneapi/ipp/2021.7.0/include]
  ignore line: [ /opt/intel/oneapi/dpl/2022.0.0/linux/include]
  ignore line: [ /opt/intel/oneapi/dnnl/2023.0.0/cpu_dpcpp_gpu_dpcpp/include]
  ignore line: [ /opt/intel/oneapi/dev-utilities/2021.8.0/include]
  ignore line: [ /opt/intel/oneapi/dal/2023.0.0/include]
  ignore line: [ /opt/intel/oneapi/ccl/2021.8.0/include/cpu_gpu_dpcpp]
  ignore line: [ /opt/intel/oneapi/compiler/2023.0.0/linux/bin/intel64/../../compiler/include/intel64]
  ignore line: [ /opt/intel/oneapi/compiler/2023.0.0/linux/bin/intel64/../../compiler/include/icc]
  ignore line: [ /opt/intel/oneapi/compiler/2023.0.0/linux/bin/intel64/../../compiler/include]
  ignore line: [ /usr/local/include]
  ignore line: [ /usr/lib/gcc/x86_64-linux-gnu/11/include]
  ignore line: [ /usr/include/]
  ignore line: [ /usr/include]
  ignore line: [ /usr/include/x86_64-linux-gnu]
  ignore line: [End of search list.]
  ignore line: [/opt/intel/oneapi/compiler/2023.0.0/linux/bin/intel64/../../bin/intel64/fortcom    -D__INTEL_COMPILER=2021 -D__INTEL_COMPILER_UPDATE=8 -D__unix__ -D__unix -D__linux__ -D__linux -D__gnu_linux__ -Dunix -Dlinux -D__ELF__ -D__x86_64 -D__x86_64__ -D__amd64 -D__amd64__ -D__INTEL_COMPILER_BUILD_DATE=20221119 -D__INTEL_OFFLOAD -D__MMX__ -D__SSE__ -D__SSE_MATH__ -D__SSE2__ -D__SSE2_MATH__ -D__pentium4 -D__pentium4__ -D__tune_pentium4__ -I/usr/local/share/cmake-3.25/Modules -I. -I/opt/intel/oneapi/vpl/2023.0.0/include -I/opt/intel/oneapi/tbb/2021.8.0/env/../include -I/opt/intel/oneapi/mpi/2021.8.0//include -I/opt/intel/oneapi/mkl/2023.0.0/include -I/opt/intel/oneapi/ippcp/2021.6.3/include -I/opt/intel/oneapi/ipp/2021.7.0/include -I/opt/intel/oneapi/dpl/2022.0.0/linux/include -I/opt/intel/oneapi/dnnl/2023.0.0/cpu_dpcpp_gpu_dpcpp/include -I/opt/intel/oneapi/dev-utilities/2021.8.0/include -I/opt/intel/oneapi/dal/2023.0.0/include -I/opt/intel/oneapi/ccl/2021.8.0/include/cpu_gpu_dpcpp -I/opt/intel/oneapi/compiler/2023.0.0/linux/bin/intel64/../../compiler/include/intel64 -I/opt/intel/oneapi/compiler/2023.0.0/linux/bin/intel64/../../compiler/include/icc -I/opt/intel/oneapi/compiler/2023.0.0/linux/bin/intel64/../../compiler/include -I/usr/local/include -I/usr/lib/gcc/x86_64-linux-gnu/11/include -I/usr/include/ -I/usr/include -I/usr/include/x86_64-linux-gnu -omp_simd -O2 "-reentrancy threaded" -simd -offload_host -mGLOB_em64t=TRUE -mP1OPT_version=2021.8.0-intel64 -mGLOB_diag_file=CMakeFiles/cmTC_4f4de.dir/CMakeFortranCompilerABI.F90.diag -mGLOB_long_size_64 -mGLOB_routine_pointer_size_64 -mGLOB_source_language=GLOB_SOURCE_LANGUAGE_F90 -mP2OPT_static_promotion -mGLOB_pack_sort_init_list -mP1OPT_print_version=FALSE -mCG_use_gas_got_workaround=F -mP2OPT_align_option_used=TRUE -mGLOB_gcc_version=1130 "-mGLOB_options_string=-v -c -o CMakeFiles/cmTC_4f4de.dir/CMakeFortranCompilerABI.F90.o" -mGLOB_cxx_limited_range=FALSE -mCG_extend_parms=FALSE -mGLOB_compiler_bin_directory=/opt/intel/oneapi/compiler/2023.0.0/linux/bin/intel64/../../bin/intel64 -mGLOB_as_output_backup_file_name=/tmp/ifortPZIbhCas_.s -mIPOPT_activate -mIPOPT_lite -mGLOB_uarch_tuning=0x0 -mGLOB_product_id_code=0x22006d91 -mCG_bnl_movbe=T -mP3OPT_use_mspp_call_convention -mP2OPT_subs_out_of_bound=FALSE -mP2OPT_disam_type_based_disam=2 -mGLOB_ansi_alias -mPGOPTI_value_profile_use=T -mGLOB_offload_mode=1 -mGLOB_offload_no_openmp=TRUE -mP2OPT_offload_unique_var_string=ifort0957034730FiglP7 -mP2OPT_hlo_level=2 -mP2OPT_hlo -mP2OPT_hpo_rtt_control=0 -mIPOPT_args_in_regs=0 -mP2OPT_disam_assume_nonstd_intent_in=FALSE -mGLOB_imf_mapping_library=/opt/intel/oneapi/compiler/2023.0.0/linux/bin/intel64/../../bin/intel64/libiml_attr.so -mPGOPTI_gen_threadsafe_level=0 -mIPOPT_lto_object_enabled -mIPOPT_lto_object_value=1 -mIPOPT_obj_output_file_name=CMakeFiles/cmTC_4f4de.dir/CMakeFortranCompilerABI.F90.o -mIPOPT_whole_archive_fixup_file_name=/tmp/ifortwarchGwiY1T -mGLOB_linker_version=2.38 -mGLOB_linker=ld -mGLOB_driver_tempfile_name=/tmp/iforttempfiles6F8Vn -mP3OPT_asm_target=P3OPT_ASM_TARGET_GAS -mGLOB_async_unwind_tables=TRUE -mGLOB_obj_output_file=CMakeFiles/cmTC_4f4de.dir/CMakeFortranCompilerABI.F90.o -mGLOB_source_dialect=GLOB_SOURCE_DIALECT_FORTRAN -mP1OPT_source_file_name=/usr/local/share/cmake-3.25/Modules/CMakeFortranCompilerABI.F90 -mP1OPT_full_source_file_name=/usr/local/share/cmake-3.25/Modules/CMakeFortranCompilerABI.F90 -mP2OPT_symtab_type_copy=true /tmp/ifortDcsUQy.i90]
  ignore line: [#include "..." search starts here:]
  ignore line: [#include <...> search starts here:]
  ignore line: [ /usr/local/share/cmake-3.25/Modules]
  ignore line: [ .]
  ignore line: [ /opt/intel/oneapi/vpl/2023.0.0/include]
  ignore line: [ /opt/intel/oneapi/tbb/2021.8.0/env/../include]
  ignore line: [ /opt/intel/oneapi/mpi/2021.8.0//include]
  ignore line: [ /opt/intel/oneapi/mkl/2023.0.0/include]
  ignore line: [ /opt/intel/oneapi/ippcp/2021.6.3/include]
  ignore line: [ /opt/intel/oneapi/ipp/2021.7.0/include]
  ignore line: [ /opt/intel/oneapi/dpl/2022.0.0/linux/include]
  ignore line: [ /opt/intel/oneapi/dnnl/2023.0.0/cpu_dpcpp_gpu_dpcpp/include]
  ignore line: [ /opt/intel/oneapi/dev-utilities/2021.8.0/include]
  ignore line: [ /opt/intel/oneapi/dal/2023.0.0/include]
  ignore line: [ /opt/intel/oneapi/ccl/2021.8.0/include/cpu_gpu_dpcpp]
  ignore line: [ /opt/intel/oneapi/compiler/2023.0.0/linux/bin/intel64/../../compiler/include/intel64]
  ignore line: [ /opt/intel/oneapi/compiler/2023.0.0/linux/bin/intel64/../../compiler/include/icc]
  ignore line: [ /opt/intel/oneapi/compiler/2023.0.0/linux/bin/intel64/../../compiler/include]
  ignore line: [ /usr/local/include]
  ignore line: [ /usr/lib/gcc/x86_64-linux-gnu/11/include]
  ignore line: [ /usr/include/]
  ignore line: [ /usr/include]
  ignore line: [ /usr/include/x86_64-linux-gnu]
  ignore line: [End of search list.]
  ignore line: [Linking Fortran executable cmTC_4f4de]
  ignore line: [/usr/local/bin/cmake -E cmake_link_script CMakeFiles/cmTC_4f4de.dir/link.txt --verbose=1]
  ignore line: [/opt/intel/oneapi/compiler/2023.0.0/linux/bin/intel64/ifort  -v CMakeFiles/cmTC_4f4de.dir/CMakeFortranCompilerABI.F90.o -o cmTC_4f4de ]
  ignore line: [ifort version 2021.8.0]
  ignore line: [/opt/intel/oneapi/compiler/2023.0.0/linux/bin/intel64/../../bin/intel64/fortcom    -mGLOB_em64t=TRUE -mP1OPT_version=2021.8.0-intel64 -mGLOB_diag_file=CMakeFiles/cmTC_4f4de.dir/CMakeFortranCompilerABI.F90.diag -mGLOB_long_size_64 -mGLOB_routine_pointer_size_64 -mGLOB_source_language=GLOB_SOURCE_LANGUAGE_F90 -mP2OPT_static_promotion -mGLOB_pack_sort_init_list -mP1OPT_print_version=FALSE -mCG_use_gas_got_workaround=F -mP2OPT_align_option_used=TRUE -mGLOB_gcc_version=1130 "-mGLOB_options_string=-v -o cmTC_4f4de" -mGLOB_cxx_limited_range=FALSE -mCG_extend_parms=FALSE -mGLOB_compiler_bin_directory=/opt/intel/oneapi/compiler/2023.0.0/linux/bin/intel64/../../bin/intel64 -mGLOB_as_output_backup_file_name=/tmp/ifortk9WnZmas_.s -mGLOB_dashboard_use_source_name -mIPOPT_activate -mGLOB_product_id_code=0x22006d91 -mP3OPT_use_mspp_call_convention -mP2OPT_subs_out_of_bound=FALSE -mP2OPT_disam_type_based_disam=2 -mGLOB_ansi_alias -mPGOPTI_value_profile_use=T -mGLOB_opt_report_use_source_name -mGLOB_offload_mode=1 -mGLOB_offload_no_openmp=TRUE -mP2OPT_offload_unique_var_string=ifort1930462788lIFNfj -mP2OPT_hlo -mP2OPT_hpo_rtt_control=0 -mIPOPT_args_in_regs=0 -mP2OPT_disam_assume_nonstd_intent_in=FALSE -mGLOB_imf_mapping_library=/opt/intel/oneapi/compiler/2023.0.0/linux/bin/intel64/../../bin/intel64/libiml_attr.so -mPGOPTI_gen_threadsafe_level=0 -mIPOPT_link -mIPOPT_ipo_activate -mIPOPT_mo_activate -mIPOPT_source_files_list=/tmp/ifortslisAvt5HP -mIPOPT_mo_global_data -mIPOPT_link_script_file=/tmp/ifortscript2GcCOf "-mIPOPT_cmdline_link="/usr/lib/gcc/x86_64-linux-gnu/11/../../../x86_64-linux-gnu/Scrt1.o" "/usr/lib/gcc/x86_64-linux-gnu/11/../../../x86_64-linux-gnu/crti.o" "/usr/lib/gcc/x86_64-linux-gnu/11/crtbeginS.o" "--eh-frame-hdr" "--build-id" "-dynamic-linker" "/lib64/ld-linux-x86-64.so.2" "-m" "elf_x86_64" "-plugin" "/opt/intel/oneapi/compiler/2023.0.0/linux/bin/intel64/../../bin/intel64/../../lib/icx-lto.so" "-o" "cmTC_4f4de" "/opt/intel/oneapi/compiler/2023.0.0/linux/bin/intel64/../../compiler/lib/intel64_lin/for_main.o" "-L/opt/intel/oneapi/vpl/2023.0.0/lib" "-L/opt/intel/oneapi/tbb/2021.8.0/env/../lib/intel64/gcc4.8" "-L/opt/intel/oneapi/mpi/2021.8.0//libfabric/lib" "-L/opt/intel/oneapi/mpi/2021.8.0//lib/release" "-L/opt/intel/oneapi/mpi/2021.8.0//lib" "-L/opt/intel/oneapi/mkl/2023.0.0/lib/intel64" "-L/opt/intel/oneapi/ippcp/2021.6.3/lib/intel64" "-L/opt/intel/oneapi/ipp/2021.7.0/lib/intel64" "-L/opt/intel/oneapi/dnnl/2023.0.0/cpu_dpcpp_gpu_dpcpp/lib" "-L/opt/intel/oneapi/dal/2023.0.0/lib/intel64" "-L/opt/intel/oneapi/compiler/2023.0.0/linux/compiler/lib/intel64_lin" "-L/opt/intel/oneapi/compiler/2023.0.0/linux/lib" "-L/opt/intel/oneapi/clck/2021.7.2/lib/intel64" "-L/opt/intel/oneapi/ccl/2021.8.0/lib/cpu_gpu_dpcpp" "-L/opt/intel/oneapi/compiler/2023.0.0/linux/bin/intel64/../../compiler/lib/intel64_lin" "-L/opt/intel/oneapi/vpl/2023.0.0/lib/../lib/" "-L/opt/intel/oneapi/mpi/2021.8.0//libfabric/lib/../lib/" "-L/opt/intel/oneapi/mpi/2021.8.0//lib/../lib/" "-L/opt/intel/oneapi/dnnl/2023.0.0/cpu_dpcpp_gpu_dpcpp/lib/../lib/" "-L/opt/intel/oneapi/compiler/2023.0.0/linux/lib/../lib/" "-L/usr/lib/gcc/x86_64-linux-gnu/11/" "-L/usr/lib/gcc/x86_64-linux-gnu/11/../../../x86_64-linux-gnu/" "-L/usr/lib/gcc/x86_64-linux-gnu/11/../../../../lib64" "-L/usr/lib/gcc/x86_64-linux-gnu/11/../../../../lib/" "-L/lib/x86_64-linux-gnu/" "-L/lib/../lib64" "-L/lib/../lib/" "-L/usr/lib/x86_64-linux-gnu/" "-L/usr/lib/../lib64" "-L/usr/lib/../lib/" "-L/opt/intel/oneapi/vpl/2023.0.0/lib/" "-L/opt/intel/oneapi/tbb/2021.8.0/env/../lib/intel64/gcc4.8/" "-L/opt/intel/oneapi/mpi/2021.8.0//libfabric/lib/" "-L/opt/intel/oneapi/mpi/2021.8.0//lib/release/" "-L/opt/intel/oneapi/mpi/2021.8.0//lib/" "-L/opt/intel/oneapi/mkl/2023.0.0/lib/intel64/" "-L/opt/intel/oneapi/ippcp/2021.6.3/lib/intel64/" "-L/opt/intel/oneapi/ipp/2021.7.0/lib/intel64/" "-L/opt/intel/oneapi/dnnl/2023.0.0/cpu_dpcpp_gpu_dpcpp/lib/" "-L/opt/intel/oneapi/dal/2023.0.0/lib/intel64/" "-L/opt/intel/oneapi/compiler/2023.0.0/linux/compiler/lib/intel64_lin/" "-L/opt/intel/oneapi/compiler/2023.0.0/linux/lib/" "-L/opt/intel/oneapi/clck/2021.7.2/lib/intel64/" "-L/opt/intel/oneapi/ccl/2021.8.0/lib/cpu_gpu_dpcpp/" "-L/usr/lib/gcc/x86_64-linux-gnu/11/../../../" "-L/lib64" "-L/lib/" "-L/usr/lib64" "-L/usr/lib" "CMakeFiles/cmTC_4f4de.dir/CMakeFortranCompilerABI.F90.o" "-Bdynamic" "-Bstatic" "-lifport" "-lifcoremt" "-limf" "-lsvml" "-Bdynamic" "-lm" "-Bstatic" "-lipgo" "-lirc" "-Bdynamic" "-lpthread" "-Bstatic" "-lsvml" "-Bdynamic" "-lc" "-lgcc" "-lgcc_s" "-Bstatic" "-lirc_s" "-Bdynamic" "-ldl" "-lc" "/usr/lib/gcc/x86_64-linux-gnu/11/crtendS.o" "/usr/lib/gcc/x86_64-linux-gnu/11/../../../x86_64-linux-gnu/crtn.o"" -mIPOPT_il_in_obj -mIPOPT_ipo_activate_warn=FALSE -mIPOPT_obj_output_file_name=/tmp/ipo_ifortRH0BsO.o -mIPOPT_whole_archive_fixup_file_name=/tmp/ifortwarch22HCsU -mGLOB_linker_version=2.38 -mGLOB_linker=ld -mGLOB_driver_tempfile_name=/tmp/iforttempfileIg5sGA -mP3OPT_asm_target=P3OPT_ASM_TARGET_GAS -mGLOB_async_unwind_tables=TRUE -mGLOB_obj_output_file=/tmp/ipo_ifortRH0BsO.o -mGLOB_source_dialect=GLOB_SOURCE_DIALECT_NONE -mP1OPT_source_file_name=ipo_out.f -mP2OPT_symtab_type_copy=true CMakeFiles/cmTC_4f4de.dir/CMakeFortranCompilerABI.F90.o -mIPOPT_object_files=T -mIPOPT_assembly_files=/tmp/ifortalis8lepUe -mIPOPT_generated_tempfiles=/tmp/ifortelisSj7gpu -mIPOPT_embedded_object_base_name=/tmp/iforteobj3HSP08 -mIPOPT_cmdline_link_new_name=/tmp/ifortllisji0GNe]
  link line: [ld    /usr/lib/gcc/x86_64-linux-gnu/11/../../../x86_64-linux-gnu/Scrt1.o /usr/lib/gcc/x86_64-linux-gnu/11/../../../x86_64-linux-gnu/crti.o /usr/lib/gcc/x86_64-linux-gnu/11/crtbeginS.o --eh-frame-hdr --build-id -dynamic-linker /lib64/ld-linux-x86-64.so.2 -m elf_x86_64 -plugin /opt/intel/oneapi/compiler/2023.0.0/linux/bin/intel64/../../bin/intel64/../../lib/icx-lto.so -o cmTC_4f4de /opt/intel/oneapi/compiler/2023.0.0/linux/bin/intel64/../../compiler/lib/intel64_lin/for_main.o -L/opt/intel/oneapi/vpl/2023.0.0/lib -L/opt/intel/oneapi/tbb/2021.8.0/env/../lib/intel64/gcc4.8 -L/opt/intel/oneapi/mpi/2021.8.0//libfabric/lib -L/opt/intel/oneapi/mpi/2021.8.0//lib/release -L/opt/intel/oneapi/mpi/2021.8.0//lib -L/opt/intel/oneapi/mkl/2023.0.0/lib/intel64 -L/opt/intel/oneapi/ippcp/2021.6.3/lib/intel64 -L/opt/intel/oneapi/ipp/2021.7.0/lib/intel64 -L/opt/intel/oneapi/dnnl/2023.0.0/cpu_dpcpp_gpu_dpcpp/lib -L/opt/intel/oneapi/dal/2023.0.0/lib/intel64 -L/opt/intel/oneapi/compiler/2023.0.0/linux/compiler/lib/intel64_lin -L/opt/intel/oneapi/compiler/2023.0.0/linux/lib -L/opt/intel/oneapi/clck/2021.7.2/lib/intel64 -L/opt/intel/oneapi/ccl/2021.8.0/lib/cpu_gpu_dpcpp -L/opt/intel/oneapi/compiler/2023.0.0/linux/bin/intel64/../../compiler/lib/intel64_lin -L/opt/intel/oneapi/vpl/2023.0.0/lib/../lib/ -L/opt/intel/oneapi/mpi/2021.8.0//libfabric/lib/../lib/ -L/opt/intel/oneapi/mpi/2021.8.0//lib/../lib/ -L/opt/intel/oneapi/dnnl/2023.0.0/cpu_dpcpp_gpu_dpcpp/lib/../lib/ -L/opt/intel/oneapi/compiler/2023.0.0/linux/lib/../lib/ -L/usr/lib/gcc/x86_64-linux-gnu/11/ -L/usr/lib/gcc/x86_64-linux-gnu/11/../../../x86_64-linux-gnu/ -L/usr/lib/gcc/x86_64-linux-gnu/11/../../../../lib64 -L/usr/lib/gcc/x86_64-linux-gnu/11/../../../../lib/ -L/lib/x86_64-linux-gnu/ -L/lib/../lib64 -L/lib/../lib/ -L/usr/lib/x86_64-linux-gnu/ -L/usr/lib/../lib64 -L/usr/lib/../lib/ -L/opt/intel/oneapi/vpl/2023.0.0/lib/ -L/opt/intel/oneapi/tbb/2021.8.0/env/../lib/intel64/gcc4.8/ -L/opt/intel/oneapi/mpi/2021.8.0//libfabric/lib/ -L/opt/intel/oneapi/mpi/2021.8.0//lib/release/ -L/opt/intel/oneapi/mpi/2021.8.0//lib/ -L/opt/intel/oneapi/mkl/2023.0.0/lib/intel64/ -L/opt/intel/oneapi/ippcp/2021.6.3/lib/intel64/ -L/opt/intel/oneapi/ipp/2021.7.0/lib/intel64/ -L/opt/intel/oneapi/dnnl/2023.0.0/cpu_dpcpp_gpu_dpcpp/lib/ -L/opt/intel/oneapi/dal/2023.0.0/lib/intel64/ -L/opt/intel/oneapi/compiler/2023.0.0/linux/compiler/lib/intel64_lin/ -L/opt/intel/oneapi/compiler/2023.0.0/linux/lib/ -L/opt/intel/oneapi/clck/2021.7.2/lib/intel64/ -L/opt/intel/oneapi/ccl/2021.8.0/lib/cpu_gpu_dpcpp/ -L/usr/lib/gcc/x86_64-linux-gnu/11/../../../ -L/lib64 -L/lib/ -L/usr/lib64 -L/usr/lib CMakeFiles/cmTC_4f4de.dir/CMakeFortranCompilerABI.F90.o -Bdynamic -Bstatic -lifport -lifcoremt -limf -lsvml -Bdynamic -lm -Bstatic -lipgo -lirc -Bdynamic -lpthread -Bstatic -lsvml -Bdynamic -lc -lgcc -lgcc_s -Bstatic -lirc_s -Bdynamic -ldl -lc /usr/lib/gcc/x86_64-linux-gnu/11/crtendS.o /usr/lib/gcc/x86_64-linux-gnu/11/../../../x86_64-linux-gnu/crtn.o]
    arg [ld] ==> ignore
    arg [/usr/lib/gcc/x86_64-linux-gnu/11/../../../x86_64-linux-gnu/Scrt1.o] ==> obj [/usr/lib/gcc/x86_64-linux-gnu/11/../../../x86_64-linux-gnu/Scrt1.o]
    arg [/usr/lib/gcc/x86_64-linux-gnu/11/../../../x86_64-linux-gnu/crti.o] ==> obj [/usr/lib/gcc/x86_64-linux-gnu/11/../../../x86_64-linux-gnu/crti.o]
    arg [/usr/lib/gcc/x86_64-linux-gnu/11/crtbeginS.o] ==> obj [/usr/lib/gcc/x86_64-linux-gnu/11/crtbeginS.o]
    arg [--eh-frame-hdr] ==> ignore
    arg [--build-id] ==> ignore
    arg [-dynamic-linker] ==> ignore
    arg [/lib64/ld-linux-x86-64.so.2] ==> ignore
    arg [-m] ==> ignore
    arg [elf_x86_64] ==> ignore
    arg [-plugin] ==> ignore
    arg [/opt/intel/oneapi/compiler/2023.0.0/linux/bin/intel64/../../bin/intel64/../../lib/icx-lto.so] ==> ignore
    arg [-o] ==> ignore
    arg [cmTC_4f4de] ==> ignore
    arg [/opt/intel/oneapi/compiler/2023.0.0/linux/bin/intel64/../../compiler/lib/intel64_lin/for_main.o] ==> obj [/opt/intel/oneapi/compiler/2023.0.0/linux/bin/intel64/../../compiler/lib/intel64_lin/for_main.o]
    arg [-L/opt/intel/oneapi/vpl/2023.0.0/lib] ==> dir [/opt/intel/oneapi/vpl/2023.0.0/lib]
    arg [-L/opt/intel/oneapi/tbb/2021.8.0/env/../lib/intel64/gcc4.8] ==> dir [/opt/intel/oneapi/tbb/2021.8.0/env/../lib/intel64/gcc4.8]
    arg [-L/opt/intel/oneapi/mpi/2021.8.0//libfabric/lib] ==> dir [/opt/intel/oneapi/mpi/2021.8.0//libfabric/lib]
    arg [-L/opt/intel/oneapi/mpi/2021.8.0//lib/release] ==> dir [/opt/intel/oneapi/mpi/2021.8.0//lib/release]
    arg [-L/opt/intel/oneapi/mpi/2021.8.0//lib] ==> dir [/opt/intel/oneapi/mpi/2021.8.0//lib]
    arg [-L/opt/intel/oneapi/mkl/2023.0.0/lib/intel64] ==> dir [/opt/intel/oneapi/mkl/2023.0.0/lib/intel64]
    arg [-L/opt/intel/oneapi/ippcp/2021.6.3/lib/intel64] ==> dir [/opt/intel/oneapi/ippcp/2021.6.3/lib/intel64]
    arg [-L/opt/intel/oneapi/ipp/2021.7.0/lib/intel64] ==> dir [/opt/intel/oneapi/ipp/2021.7.0/lib/intel64]
    arg [-L/opt/intel/oneapi/dnnl/2023.0.0/cpu_dpcpp_gpu_dpcpp/lib] ==> dir [/opt/intel/oneapi/dnnl/2023.0.0/cpu_dpcpp_gpu_dpcpp/lib]
    arg [-L/opt/intel/oneapi/dal/2023.0.0/lib/intel64] ==> dir [/opt/intel/oneapi/dal/2023.0.0/lib/intel64]
    arg [-L/opt/intel/oneapi/compiler/2023.0.0/linux/compiler/lib/intel64_lin] ==> dir [/opt/intel/oneapi/compiler/2023.0.0/linux/compiler/lib/intel64_lin]
    arg [-L/opt/intel/oneapi/compiler/2023.0.0/linux/lib] ==> dir [/opt/intel/oneapi/compiler/2023.0.0/linux/lib]
    arg [-L/opt/intel/oneapi/clck/2021.7.2/lib/intel64] ==> dir [/opt/intel/oneapi/clck/2021.7.2/lib/intel64]
    arg [-L/opt/intel/oneapi/ccl/2021.8.0/lib/cpu_gpu_dpcpp] ==> dir [/opt/intel/oneapi/ccl/2021.8.0/lib/cpu_gpu_dpcpp]
    arg [-L/opt/intel/oneapi/compiler/2023.0.0/linux/bin/intel64/../../compiler/lib/intel64_lin] ==> dir [/opt/intel/oneapi/compiler/2023.0.0/linux/bin/intel64/../../compiler/lib/intel64_lin]
    arg [-L/opt/intel/oneapi/vpl/2023.0.0/lib/../lib/] ==> dir [/opt/intel/oneapi/vpl/2023.0.0/lib/../lib/]
    arg [-L/opt/intel/oneapi/mpi/2021.8.0//libfabric/lib/../lib/] ==> dir [/opt/intel/oneapi/mpi/2021.8.0//libfabric/lib/../lib/]
    arg [-L/opt/intel/oneapi/mpi/2021.8.0//lib/../lib/] ==> dir [/opt/intel/oneapi/mpi/2021.8.0//lib/../lib/]
    arg [-L/opt/intel/oneapi/dnnl/2023.0.0/cpu_dpcpp_gpu_dpcpp/lib/../lib/] ==> dir [/opt/intel/oneapi/dnnl/2023.0.0/cpu_dpcpp_gpu_dpcpp/lib/../lib/]
    arg [-L/opt/intel/oneapi/compiler/2023.0.0/linux/lib/../lib/] ==> dir [/opt/intel/oneapi/compiler/2023.0.0/linux/lib/../lib/]
    arg [-L/usr/lib/gcc/x86_64-linux-gnu/11/] ==> dir [/usr/lib/gcc/x86_64-linux-gnu/11/]
    arg [-L/usr/lib/gcc/x86_64-linux-gnu/11/../../../x86_64-linux-gnu/] ==> dir [/usr/lib/gcc/x86_64-linux-gnu/11/../../../x86_64-linux-gnu/]
    arg [-L/usr/lib/gcc/x86_64-linux-gnu/11/../../../../lib64] ==> dir [/usr/lib/gcc/x86_64-linux-gnu/11/../../../../lib64]
    arg [-L/usr/lib/gcc/x86_64-linux-gnu/11/../../../../lib/] ==> dir [/usr/lib/gcc/x86_64-linux-gnu/11/../../../../lib/]
    arg [-L/lib/x86_64-linux-gnu/] ==> dir [/lib/x86_64-linux-gnu/]
    arg [-L/lib/../lib64] ==> dir [/lib/../lib64]
    arg [-L/lib/../lib/] ==> dir [/lib/../lib/]
    arg [-L/usr/lib/x86_64-linux-gnu/] ==> dir [/usr/lib/x86_64-linux-gnu/]
    arg [-L/usr/lib/../lib64] ==> dir [/usr/lib/../lib64]
    arg [-L/usr/lib/../lib/] ==> dir [/usr/lib/../lib/]
    arg [-L/opt/intel/oneapi/vpl/2023.0.0/lib/] ==> dir [/opt/intel/oneapi/vpl/2023.0.0/lib/]
    arg [-L/opt/intel/oneapi/tbb/2021.8.0/env/../lib/intel64/gcc4.8/] ==> dir [/opt/intel/oneapi/tbb/2021.8.0/env/../lib/intel64/gcc4.8/]
    arg [-L/opt/intel/oneapi/mpi/2021.8.0//libfabric/lib/] ==> dir [/opt/intel/oneapi/mpi/2021.8.0//libfabric/lib/]
    arg [-L/opt/intel/oneapi/mpi/2021.8.0//lib/release/] ==> dir [/opt/intel/oneapi/mpi/2021.8.0//lib/release/]
    arg [-L/opt/intel/oneapi/mpi/2021.8.0//lib/] ==> dir [/opt/intel/oneapi/mpi/2021.8.0//lib/]
    arg [-L/opt/intel/oneapi/mkl/2023.0.0/lib/intel64/] ==> dir [/opt/intel/oneapi/mkl/2023.0.0/lib/intel64/]
    arg [-L/opt/intel/oneapi/ippcp/2021.6.3/lib/intel64/] ==> dir [/opt/intel/oneapi/ippcp/2021.6.3/lib/intel64/]
    arg [-L/opt/intel/oneapi/ipp/2021.7.0/lib/intel64/] ==> dir [/opt/intel/oneapi/ipp/2021.7.0/lib/intel64/]
    arg [-L/opt/intel/oneapi/dnnl/2023.0.0/cpu_dpcpp_gpu_dpcpp/lib/] ==> dir [/opt/intel/oneapi/dnnl/2023.0.0/cpu_dpcpp_gpu_dpcpp/lib/]
    arg [-L/opt/intel/oneapi/dal/2023.0.0/lib/intel64/] ==> dir [/opt/intel/oneapi/dal/2023.0.0/lib/intel64/]
    arg [-L/opt/intel/oneapi/compiler/2023.0.0/linux/compiler/lib/intel64_lin/] ==> dir [/opt/intel/oneapi/compiler/2023.0.0/linux/compiler/lib/intel64_lin/]
    arg [-L/opt/intel/oneapi/compiler/2023.0.0/linux/lib/] ==> dir [/opt/intel/oneapi/compiler/2023.0.0/linux/lib/]
    arg [-L/opt/intel/oneapi/clck/2021.7.2/lib/intel64/] ==> dir [/opt/intel/oneapi/clck/2021.7.2/lib/intel64/]
    arg [-L/opt/intel/oneapi/ccl/2021.8.0/lib/cpu_gpu_dpcpp/] ==> dir [/opt/intel/oneapi/ccl/2021.8.0/lib/cpu_gpu_dpcpp/]
    arg [-L/usr/lib/gcc/x86_64-linux-gnu/11/../../../] ==> dir [/usr/lib/gcc/x86_64-linux-gnu/11/../../../]
    arg [-L/lib64] ==> dir [/lib64]
    arg [-L/lib/] ==> dir [/lib/]
    arg [-L/usr/lib64] ==> dir [/usr/lib64]
    arg [-L/usr/lib] ==> dir [/usr/lib]
    arg [CMakeFiles/cmTC_4f4de.dir/CMakeFortranCompilerABI.F90.o] ==> ignore
    arg [-Bdynamic] ==> search dynamic
    arg [-Bstatic] ==> search static
    arg [-lifport] ==> lib [ifport]
    arg [-lifcoremt] ==> lib [ifcoremt]
    arg [-limf] ==> lib [imf]
    arg [-lsvml] ==> lib [svml]
    arg [-Bdynamic] ==> search dynamic
    arg [-lm] ==> lib [m]
    arg [-Bstatic] ==> search static
    arg [-lipgo] ==> lib [ipgo]
    arg [-lirc] ==> lib [irc]
    arg [-Bdynamic] ==> search dynamic
    arg [-lpthread] ==> lib [pthread]
    arg [-Bstatic] ==> search static
    arg [-lsvml] ==> lib [svml]
    arg [-Bdynamic] ==> search dynamic
    arg [-lc] ==> lib [c]
    arg [-lgcc] ==> lib [gcc]
    arg [-lgcc_s] ==> lib [gcc_s]
    arg [-Bstatic] ==> search static
    arg [-lirc_s] ==> lib [irc_s]
    arg [-Bdynamic] ==> search dynamic
    arg [-ldl] ==> lib [dl]
    arg [-lc] ==> lib [c]
    arg [/usr/lib/gcc/x86_64-linux-gnu/11/crtendS.o] ==> obj [/usr/lib/gcc/x86_64-linux-gnu/11/crtendS.o]
    arg [/usr/lib/gcc/x86_64-linux-gnu/11/../../../x86_64-linux-gnu/crtn.o] ==> obj [/usr/lib/gcc/x86_64-linux-gnu/11/../../../x86_64-linux-gnu/crtn.o]
  collapse obj [/usr/lib/gcc/x86_64-linux-gnu/11/../../../x86_64-linux-gnu/Scrt1.o] ==> [/usr/lib/x86_64-linux-gnu/Scrt1.o]
  collapse obj [/usr/lib/gcc/x86_64-linux-gnu/11/../../../x86_64-linux-gnu/crti.o] ==> [/usr/lib/x86_64-linux-gnu/crti.o]
  collapse obj [/opt/intel/oneapi/compiler/2023.0.0/linux/bin/intel64/../../compiler/lib/intel64_lin/for_main.o] ==> [/opt/intel/oneapi/compiler/2023.0.0/linux/compiler/lib/intel64_lin/for_main.o]
  collapse obj [/usr/lib/gcc/x86_64-linux-gnu/11/../../../x86_64-linux-gnu/crtn.o] ==> [/usr/lib/x86_64-linux-gnu/crtn.o]
  collapse library dir [/opt/intel/oneapi/vpl/2023.0.0/lib] ==> [/opt/intel/oneapi/vpl/2023.0.0/lib]
  collapse library dir [/opt/intel/oneapi/tbb/2021.8.0/env/../lib/intel64/gcc4.8] ==> [/opt/intel/oneapi/tbb/2021.8.0/lib/intel64/gcc4.8]
  collapse library dir [/opt/intel/oneapi/mpi/2021.8.0//libfabric/lib] ==> [/opt/intel/oneapi/mpi/2021.8.0/libfabric/lib]
  collapse library dir [/opt/intel/oneapi/mpi/2021.8.0//lib/release] ==> [/opt/intel/oneapi/mpi/2021.8.0/lib/release]
  collapse library dir [/opt/intel/oneapi/mpi/2021.8.0//lib] ==> [/opt/intel/oneapi/mpi/2021.8.0/lib]
  collapse library dir [/opt/intel/oneapi/mkl/2023.0.0/lib/intel64] ==> [/opt/intel/oneapi/mkl/2023.0.0/lib/intel64]
  collapse library dir [/opt/intel/oneapi/ippcp/2021.6.3/lib/intel64] ==> [/opt/intel/oneapi/ippcp/2021.6.3/lib/intel64]
  collapse library dir [/opt/intel/oneapi/ipp/2021.7.0/lib/intel64] ==> [/opt/intel/oneapi/ipp/2021.7.0/lib/intel64]
  collapse library dir [/opt/intel/oneapi/dnnl/2023.0.0/cpu_dpcpp_gpu_dpcpp/lib] ==> [/opt/intel/oneapi/dnnl/2023.0.0/cpu_dpcpp_gpu_dpcpp/lib]
  collapse library dir [/opt/intel/oneapi/dal/2023.0.0/lib/intel64] ==> [/opt/intel/oneapi/dal/2023.0.0/lib/intel64]
  collapse library dir [/opt/intel/oneapi/compiler/2023.0.0/linux/compiler/lib/intel64_lin] ==> [/opt/intel/oneapi/compiler/2023.0.0/linux/compiler/lib/intel64_lin]
  collapse library dir [/opt/intel/oneapi/compiler/2023.0.0/linux/lib] ==> [/opt/intel/oneapi/compiler/2023.0.0/linux/lib]
  collapse library dir [/opt/intel/oneapi/clck/2021.7.2/lib/intel64] ==> [/opt/intel/oneapi/clck/2021.7.2/lib/intel64]
  collapse library dir [/opt/intel/oneapi/ccl/2021.8.0/lib/cpu_gpu_dpcpp] ==> [/opt/intel/oneapi/ccl/2021.8.0/lib/cpu_gpu_dpcpp]
  collapse library dir [/opt/intel/oneapi/compiler/2023.0.0/linux/bin/intel64/../../compiler/lib/intel64_lin] ==> [/opt/intel/oneapi/compiler/2023.0.0/linux/compiler/lib/intel64_lin]
  collapse library dir [/opt/intel/oneapi/vpl/2023.0.0/lib/../lib/] ==> [/opt/intel/oneapi/vpl/2023.0.0/lib]
  collapse library dir [/opt/intel/oneapi/mpi/2021.8.0//libfabric/lib/../lib/] ==> [/opt/intel/oneapi/mpi/2021.8.0/libfabric/lib]
  collapse library dir [/opt/intel/oneapi/mpi/2021.8.0//lib/../lib/] ==> [/opt/intel/oneapi/mpi/2021.8.0/lib]
  collapse library dir [/opt/intel/oneapi/dnnl/2023.0.0/cpu_dpcpp_gpu_dpcpp/lib/../lib/] ==> [/opt/intel/oneapi/dnnl/2023.0.0/cpu_dpcpp_gpu_dpcpp/lib]
  collapse library dir [/opt/intel/oneapi/compiler/2023.0.0/linux/lib/../lib/] ==> [/opt/intel/oneapi/compiler/2023.0.0/linux/lib]
  collapse library dir [/usr/lib/gcc/x86_64-linux-gnu/11/] ==> [/usr/lib/gcc/x86_64-linux-gnu/11]
  collapse library dir [/usr/lib/gcc/x86_64-linux-gnu/11/../../../x86_64-linux-gnu/] ==> [/usr/lib/x86_64-linux-gnu]
  collapse library dir [/usr/lib/gcc/x86_64-linux-gnu/11/../../../../lib64] ==> [/usr/lib64]
  collapse library dir [/usr/lib/gcc/x86_64-linux-gnu/11/../../../../lib/] ==> [/usr/lib]
  collapse library dir [/lib/x86_64-linux-gnu/] ==> [/lib/x86_64-linux-gnu]
  collapse library dir [/lib/../lib64] ==> [/lib64]
  collapse library dir [/lib/../lib/] ==> [/lib]
  collapse library dir [/usr/lib/x86_64-linux-gnu/] ==> [/usr/lib/x86_64-linux-gnu]
  collapse library dir [/usr/lib/../lib64] ==> [/usr/lib64]
  collapse library dir [/usr/lib/../lib/] ==> [/usr/lib]
  collapse library dir [/opt/intel/oneapi/vpl/2023.0.0/lib/] ==> [/opt/intel/oneapi/vpl/2023.0.0/lib]
  collapse library dir [/opt/intel/oneapi/tbb/2021.8.0/env/../lib/intel64/gcc4.8/] ==> [/opt/intel/oneapi/tbb/2021.8.0/lib/intel64/gcc4.8]
  collapse library dir [/opt/intel/oneapi/mpi/2021.8.0//libfabric/lib/] ==> [/opt/intel/oneapi/mpi/2021.8.0/libfabric/lib]
  collapse library dir [/opt/intel/oneapi/mpi/2021.8.0//lib/release/] ==> [/opt/intel/oneapi/mpi/2021.8.0/lib/release]
  collapse library dir [/opt/intel/oneapi/mpi/2021.8.0//lib/] ==> [/opt/intel/oneapi/mpi/2021.8.0/lib]
  collapse library dir [/opt/intel/oneapi/mkl/2023.0.0/lib/intel64/] ==> [/opt/intel/oneapi/mkl/2023.0.0/lib/intel64]
  collapse library dir [/opt/intel/oneapi/ippcp/2021.6.3/lib/intel64/] ==> [/opt/intel/oneapi/ippcp/2021.6.3/lib/intel64]
  collapse library dir [/opt/intel/oneapi/ipp/2021.7.0/lib/intel64/] ==> [/opt/intel/oneapi/ipp/2021.7.0/lib/intel64]
  collapse library dir [/opt/intel/oneapi/dnnl/2023.0.0/cpu_dpcpp_gpu_dpcpp/lib/] ==> [/opt/intel/oneapi/dnnl/2023.0.0/cpu_dpcpp_gpu_dpcpp/lib]
  collapse library dir [/opt/intel/oneapi/dal/2023.0.0/lib/intel64/] ==> [/opt/intel/oneapi/dal/2023.0.0/lib/intel64]
  collapse library dir [/opt/intel/oneapi/compiler/2023.0.0/linux/compiler/lib/intel64_lin/] ==> [/opt/intel/oneapi/compiler/2023.0.0/linux/compiler/lib/intel64_lin]
  collapse library dir [/opt/intel/oneapi/compiler/2023.0.0/linux/lib/] ==> [/opt/intel/oneapi/compiler/2023.0.0/linux/lib]
  collapse library dir [/opt/intel/oneapi/clck/2021.7.2/lib/intel64/] ==> [/opt/intel/oneapi/clck/2021.7.2/lib/intel64]
  collapse library dir [/opt/intel/oneapi/ccl/2021.8.0/lib/cpu_gpu_dpcpp/] ==> [/opt/intel/oneapi/ccl/2021.8.0/lib/cpu_gpu_dpcpp]
  collapse library dir [/usr/lib/gcc/x86_64-linux-gnu/11/../../../] ==> [/usr/lib]
  collapse library dir [/lib64] ==> [/lib64]
  collapse library dir [/lib/] ==> [/lib]
  collapse library dir [/usr/lib64] ==> [/usr/lib64]
  collapse library dir [/usr/lib] ==> [/usr/lib]
  implicit libs: [ifport;ifcoremt;imf;svml;m;ipgo;irc;pthread;svml;c;gcc;gcc_s;irc_s;dl;c]
  implicit objs: [/usr/lib/x86_64-linux-gnu/Scrt1.o;/usr/lib/x86_64-linux-gnu/crti.o;/usr/lib/gcc/x86_64-linux-gnu/11/crtbeginS.o;/opt/intel/oneapi/compiler/2023.0.0/linux/compiler/lib/intel64_lin/for_main.o;/usr/lib/gcc/x86_64-linux-gnu/11/crtendS.o;/usr/lib/x86_64-linux-gnu/crtn.o]
  implicit dirs: [/opt/intel/oneapi/vpl/2023.0.0/lib;/opt/intel/oneapi/tbb/2021.8.0/lib/intel64/gcc4.8;/opt/intel/oneapi/mpi/2021.8.0/libfabric/lib;/opt/intel/oneapi/mpi/2021.8.0/lib/release;/opt/intel/oneapi/mpi/2021.8.0/lib;/opt/intel/oneapi/mkl/2023.0.0/lib/intel64;/opt/intel/oneapi/ippcp/2021.6.3/lib/intel64;/opt/intel/oneapi/ipp/2021.7.0/lib/intel64;/opt/intel/oneapi/dnnl/2023.0.0/cpu_dpcpp_gpu_dpcpp/lib;/opt/intel/oneapi/dal/2023.0.0/lib/intel64;/opt/intel/oneapi/compiler/2023.0.0/linux/compiler/lib/intel64_lin;/opt/intel/oneapi/compiler/2023.0.0/linux/lib;/opt/intel/oneapi/clck/2021.7.2/lib/intel64;/opt/intel/oneapi/ccl/2021.8.0/lib/cpu_gpu_dpcpp;/usr/lib/gcc/x86_64-linux-gnu/11;/usr/lib/x86_64-linux-gnu;/usr/lib64;/usr/lib;/lib/x86_64-linux-gnu;/lib64;/lib]
  implicit fwks: []


